<?xml version="1.0" encoding="UTF-8"?>
<!-- Generated by org.testng.reporters.JUnitReportReporter -->
<testsuite hostname="DESKTOP-79ELLB3" failures="0" tests="1" name="testCases.Tc_1_AccountRegistration" time="2.407" errors="0" timestamp="2024-05-08T07:54:02 GMT-07:00" skipped="0">
  <testcase classname="testCases.Tc_1_AccountRegistration" name="implement" time="2.407"/>
  <system-out/>
</testsuite> <!-- testCases.Tc_1_AccountRegistration -->
