<?xml version="1.0" encoding="UTF-8"?>
<!-- Generated by org.testng.reporters.JUnitReportReporter -->
<testsuite hostname="DESKTOP-79ELLB3" failures="0" tests="1" name="testCases.tc_2_Loginpage" time="2.207" errors="0" timestamp="2024-05-08T07:54:02 GMT-07:00" skipped="0">
  <testcase classname="testCases.tc_2_Loginpage" name="loginn" time="2.207"/>
  <system-out/>
</testsuite> <!-- testCases.tc_2_Loginpage -->
